<?xml version="1.0" encoding="UTF-8"?>
<!-- Generated by org.testng.reporters.JUnitReportReporter -->
<testsuite hostname="Satish" name="com.Satish.Satish.ExtentReportsEX" tests="1" failures="0" timestamp="15 Dec 2019 09:53:43 GMT" time="45.327" errors="0">
  <testcase name="verifyHomePageTitle" time="45.327" classname="com.Satish.Satish.ExtentReportsEX"/>
</testsuite> <!-- com.Satish.Satish.ExtentReportsEX -->
